<?xml version="1.0" encoding="UTF-8"?>
<!-- Generated by org.testng.reporters.JUnitXMLReporter -->
<testsuite ignored="0" hostname="APL-PW0H3V3T" failures="0" tests="3" name="Default test" time="0.073" errors="0" timestamp="2026-06-02T15:04:44 CEST">
  <testcase classname="test.day4" name="LoginAPIHomeloan" time="0.013"/>
  <testcase classname="test.day4" name="MobileloginHomeloan" time="0.001"/>
  <testcase classname="test.day4" name="WebloginHomeloan" time="0.003"/>
</testsuite> <!-- Default test -->
