<?xml version="1.0" encoding="UTF-8"?>
<!-- Generated by org.testng.reporters.JUnitXMLReporter -->
<testsuite ignored="0" hostname="APL-PW0H3V3T" failures="0" tests="9" name="Test" time="0.137" errors="0" timestamp="2026-06-02T15:07:01 CEST">
  <testcase classname="test.day3" name="LoginAPICarloan" time="0.014"/>
  <testcase classname="test.day3" name="MobileloginCarloan" time="0.003"/>
  <testcase classname="test.day3" name="WebloginCarloan" time="0.002"/>
  <testcase classname="test.Day2" name="ploan" time="0.002"/>
  <testcase classname="test.day4" name="LoginAPIHomeloan" time="0.002"/>
  <testcase classname="test.day4" name="MobileloginHomeloan" time="0.002"/>
  <testcase classname="test.day4" name="WebloginHomeloan" time="0.002"/>
  <testcase classname="test.Day1" name="FirstTest" time="0.001"/>
  <testcase classname="test.Day1" name="SecondTest" time="0.002"/>
</testsuite> <!-- Test -->
