<?xml version="1.0" encoding="UTF-8"?>
<!-- Generated by org.testng.reporters.JUnitXMLReporter -->
<testsuite ignored="3" hostname="APL-PW0H3V3T" failures="0" tests="2" name="Car Loan" time="0.009" errors="0" timestamp="2026-06-02T16:00:02 CEST">
  <testcase classname="test.day3" name="LoginAPICarloan" time="0.002"/>
  <testcase classname="test.day3" name="WebloginCarloan" time="0.001"/>
  <testcase classname="test.day3" name="MobileSignout" time="0.0">
    <ignored/>
  </testcase> <!-- MobileSignout -->
  <testcase classname="test.day3" name="Mobilesignin" time="0.0">
    <ignored/>
  </testcase> <!-- Mobilesignin -->
  <testcase classname="test.day3" name="MobileloginCarloan" time="0.0">
    <ignored/>
  </testcase> <!-- MobileloginCarloan -->
</testsuite> <!-- Car Loan -->
