<?xml version="1.0" encoding="UTF-8"?>
<!-- Generated by org.testng.reporters.JUnitXMLReporter -->
<testsuite ignored="1" hostname="APL-PW0H3V3T" failures="0" tests="2" name="Personal Loan" time="0.082" errors="0" timestamp="2026-06-02T16:00:02 CEST">
  <testcase classname="test.day1" name="FirstTest" time="0.014"/>
  <testcase classname="test.day2" name="ploan" time="0.002"/>
  <testcase classname="test.day1" name="SecondTest" time="0.0">
    <ignored/>
  </testcase> <!-- SecondTest -->
</testsuite> <!-- Personal Loan -->
