<?xml version="1.0" encoding="UTF-8"?>
<testng-results ignored="0" total="2" passed="2" failed="0" skipped="0">
  <reporter-output>
  </reporter-output>
  <suite started-at="2026-06-02T14:22:18 CEST" name="Default suite" finished-at="2026-06-02T14:22:18 CEST" duration-ms="80">
    <groups>
    </groups>
    <test started-at="2026-06-02T14:22:18 CEST" name="Default test" finished-at="2026-06-02T14:22:18 CEST" duration-ms="80">
      <class name="test.Day1">
        <test-method signature="FirstTest()[pri:0, instance:test.Day1@7d8995e]" started-at="2026-06-02T14:22:18 CEST" name="FirstTest" finished-at="2026-06-02T14:22:18 CEST" duration-ms="13" status="PASS">
          <reporter-output>
          </reporter-output>
        </test-method> <!-- FirstTest -->
        <test-method signature="SecondTest()[pri:0, instance:test.Day1@7d8995e]" started-at="2026-06-02T14:22:18 CEST" name="SecondTest" finished-at="2026-06-02T14:22:18 CEST" duration-ms="2" status="PASS">
          <reporter-output>
          </reporter-output>
        </test-method> <!-- SecondTest -->
      </class> <!-- test.Day1 -->
    </test> <!-- Default test -->
  </suite> <!-- Default suite -->
</testng-results>
