<?xml version="1.0" encoding="UTF-8"?>
<!-- Generated by org.testng.reporters.JUnitReportReporter -->
<testsuite hostname="APL-PW0H3V3T" failures="0" tests="3" name="test.day4" time="0.013" errors="0" timestamp="2026-06-02T16:00:02 CEST" skipped="0">
  <testcase classname="test.day4" name="WebloginHomeloan" time="0.006"/>
  <testcase classname="test.day4" name="LoginAPIHomeloan" time="0.002"/>
  <testcase classname="test.day4" name="MobileloginHomeloan" time="0.005"/>
</testsuite> <!-- test.day4 -->
